Determining if the pthread_create exist failed with the following output:
Change Dir: /home/jiaxin/ws/src/ORB_SLAM3/Examples/ROS/ORB_SLAM3/build/CMakeFiles/CMakeTmp

Run Build Command:"/usr/bin/make" "cmTC_2c19f/fast"
/usr/bin/make -f CMakeFiles/cmTC_2c19f.dir/build.make CMakeFiles/cmTC_2c19f.dir/build
make[1]: Entering directory '/home/jiaxin/ws/src/ORB_SLAM3/Examples/ROS/ORB_SLAM3/build/CMakeFiles/CMakeTmp'
Building C object CMakeFiles/cmTC_2c19f.dir/CheckSymbolExists.c.o
/usr/bin/cc     -o CMakeFiles/cmTC_2c19f.dir/CheckSymbolExists.c.o   -c /home/jiaxin/ws/src/ORB_SLAM3/Examples/ROS/ORB_SLAM3/build/CMakeFiles/CMakeTmp/CheckSymbolExists.c
Linking C executable cmTC_2c19f
/usr/bin/cmake -E cmake_link_script CMakeFiles/cmTC_2c19f.dir/link.txt --verbose=1
/usr/bin/cc       CMakeFiles/cmTC_2c19f.dir/CheckSymbolExists.c.o  -o cmTC_2c19f -rdynamic 
CMakeFiles/cmTC_2c19f.dir/CheckSymbolExists.c.o: In function `main':
CheckSymbolExists.c:(.text+0x16): undefined reference to `pthread_create'
collect2: error: ld returned 1 exit status
CMakeFiles/cmTC_2c19f.dir/build.make:97: recipe for target 'cmTC_2c19f' failed
make[1]: *** [cmTC_2c19f] Error 1
make[1]: Leaving directory '/home/jiaxin/ws/src/ORB_SLAM3/Examples/ROS/ORB_SLAM3/build/CMakeFiles/CMakeTmp'
Makefile:126: recipe for target 'cmTC_2c19f/fast' failed
make: *** [cmTC_2c19f/fast] Error 2

File /home/jiaxin/ws/src/ORB_SLAM3/Examples/ROS/ORB_SLAM3/build/CMakeFiles/CMakeTmp/CheckSymbolExists.c:
/* */
#include <pthread.h>

int main(int argc, char** argv)
{
  (void)argv;
#ifndef pthread_create
  return ((int*)(&pthread_create))[argc];
#else
  (void)argc;
  return 0;
#endif
}

Determining if the function pthread_create exists in the pthreads failed with the following output:
Change Dir: /home/jiaxin/ws/src/ORB_SLAM3/Examples/ROS/ORB_SLAM3/build/CMakeFiles/CMakeTmp

Run Build Command:"/usr/bin/make" "cmTC_f578b/fast"
/usr/bin/make -f CMakeFiles/cmTC_f578b.dir/build.make CMakeFiles/cmTC_f578b.dir/build
make[1]: Entering directory '/home/jiaxin/ws/src/ORB_SLAM3/Examples/ROS/ORB_SLAM3/build/CMakeFiles/CMakeTmp'
Building C object CMakeFiles/cmTC_f578b.dir/CheckFunctionExists.c.o
/usr/bin/cc    -DCHECK_FUNCTION_EXISTS=pthread_create   -o CMakeFiles/cmTC_f578b.dir/CheckFunctionExists.c.o   -c /usr/share/cmake-3.5/Modules/CheckFunctionExists.c
Linking C executable cmTC_f578b
/usr/bin/cmake -E cmake_link_script CMakeFiles/cmTC_f578b.dir/link.txt --verbose=1
/usr/bin/cc   -DCHECK_FUNCTION_EXISTS=pthread_create    CMakeFiles/cmTC_f578b.dir/CheckFunctionExists.c.o  -o cmTC_f578b -rdynamic -lpthreads 
/usr/bin/ld: cannot find -lpthreads
collect2: error: ld returned 1 exit status
CMakeFiles/cmTC_f578b.dir/build.make:97: recipe for target 'cmTC_f578b' failed
make[1]: *** [cmTC_f578b] Error 1
make[1]: Leaving directory '/home/jiaxin/ws/src/ORB_SLAM3/Examples/ROS/ORB_SLAM3/build/CMakeFiles/CMakeTmp'
Makefile:126: recipe for target 'cmTC_f578b/fast' failed
make: *** [cmTC_f578b/fast] Error 2


Performing C SOURCE FILE Test CMAKE_HAVE_LIBC_PTHREAD failed with the following output:
Change Dir: /home/jiaxin/ws/src/ORB_SLAM3/Examples/ROS/ORB_SLAM3/build/CMakeFiles/CMakeTmp

Run Build Command(s):/usr/bin/make cmTC_853db/fast && /usr/bin/make  -f CMakeFiles/cmTC_853db.dir/build.make CMakeFiles/cmTC_853db.dir/build
make[1]: Entering directory '/home/jiaxin/ws/src/ORB_SLAM3/Examples/ROS/ORB_SLAM3/build/CMakeFiles/CMakeTmp'
Building C object CMakeFiles/cmTC_853db.dir/src.c.o
/usr/bin/cc   -DCMAKE_HAVE_LIBC_PTHREAD   -o CMakeFiles/cmTC_853db.dir/src.c.o   -c /home/jiaxin/ws/src/ORB_SLAM3/Examples/ROS/ORB_SLAM3/build/CMakeFiles/CMakeTmp/src.c
Linking C executable cmTC_853db
/usr/local/bin/cmake -E cmake_link_script CMakeFiles/cmTC_853db.dir/link.txt --verbose=1
/usr/bin/cc  -DCMAKE_HAVE_LIBC_PTHREAD    -rdynamic CMakeFiles/cmTC_853db.dir/src.c.o  -o cmTC_853db 
CMakeFiles/cmTC_853db.dir/src.c.o: In function `main':
src.c:(.text+0x3c): undefined reference to `pthread_create'
src.c:(.text+0x48): undefined reference to `pthread_detach'
src.c:(.text+0x59): undefined reference to `pthread_join'
src.c:(.text+0x6d): undefined reference to `pthread_atfork'
collect2: error: ld returned 1 exit status
CMakeFiles/cmTC_853db.dir/build.make:89: recipe for target 'cmTC_853db' failed
make[1]: *** [cmTC_853db] Error 1
make[1]: Leaving directory '/home/jiaxin/ws/src/ORB_SLAM3/Examples/ROS/ORB_SLAM3/build/CMakeFiles/CMakeTmp'
Makefile:124: recipe for target 'cmTC_853db/fast' failed
make: *** [cmTC_853db/fast] Error 2


Source file was:
#include <pthread.h>

void* test_func(void* data)
{
  return data;
}

int main(void)
{
  pthread_t thread;
  pthread_create(&thread, NULL, test_func, NULL);
  pthread_detach(thread);
  pthread_join(thread, NULL);
  pthread_atfork(NULL, NULL, NULL);
  pthread_exit(NULL);

  return 0;
}

